<?xml version="1.0" encoding="UTF-8"?>
<testsuite name="CalculadoraTest" tests="6" skipped="0" failures="0" errors="0" timestamp="2022-05-26T16:40:48" hostname="LELUCIS" time="0.022">
  <properties/>
  <testcase name="quadrado()" classname="CalculadoraTest" time="0.018"/>
  <testcase name="subtracaoTest()" classname="CalculadoraTest" time="0.001"/>
  <testcase name="mult()" classname="CalculadoraTest" time="0.001"/>
  <testcase name="raiz()" classname="CalculadoraTest" time="0.001"/>
  <testcase name="somaTest()" classname="CalculadoraTest" time="0.0"/>
  <testcase name="divisao()" classname="CalculadoraTest" time="0.0"/>
  <system-out><![CDATA[]]></system-out>
  <system-err><![CDATA[]]></system-err>
</testsuite>
